# JRE version: OpenJDK Runtime Environment (21.0.2+13) (build 21.0.2+13-58)
# Java VM: OpenJDK 64-Bit Server VM (21.0.2+13-58, mixed mode, sharing, tiered, compressed oops, compressed class ptrs, g1 gc, bsd-amd64)
Heap:
 garbage-first heap   total 133120K, used 27942K [0x0000000780000000, 0x0000000800000000)
  region size 1024K, 3 young (3072K), 1 survivors (1024K)
 Metaspace       used 10990K, committed 11264K, reserved 1114112K
  class space    used 1179K, committed 1280K, reserved 1048576K
GC Heap History (8 events):
Event: 1.911 GC heap before
{Heap before GC invocations=0 (full 0):
 garbage-first heap   total 133120K, used 25612K [0x0000000780000000, 0x0000000800000000)
  region size 1024K, 23 young (23552K), 0 survivors (0K)
 Metaspace       used 10264K, committed 10560K, reserved 1114112K
  class space    used 1157K, committed 1280K, reserved 1048576K
}
Event: 1.923 GC heap after
{Heap after GC invocations=1 (full 0):
 garbage-first heap   total 133120K, used 13965K [0x0000000780000000, 0x0000000800000000)
  region size 1024K, 3 young (3072K), 3 survivors (3072K)
 Metaspace       used 10264K, committed 10560K, reserved 1114112K
  class space    used 1157K, committed 1280K, reserved 1048576K
}
Event: 69.196 GC heap before
{Heap before GC invocations=1 (full 0):
 garbage-first heap   total 133120K, used 29325K [0x0000000780000000, 0x0000000800000000)
  region size 1024K, 18 young (18432K), 3 survivors (3072K)
 Metaspace       used 10819K, committed 11072K, reserved 1114112K
  class space    used 1176K, committed 1280K, reserved 1048576K
}
Event: 69.222 GC heap after
{Heap after GC invocations=2 (full 0):
 garbage-first heap   total 133120K, used 14753K [0x0000000780000000, 0x0000000800000000)
  region size 1024K, 1 young (1024K), 1 survivors (1024K)
 Metaspace       used 10819K, committed 11072K, reserved 1114112K
  class space    used 1176K, committed 1280K, reserved 1048576K
}
Event: 213.640 GC heap before
{Heap before GC invocations=2 (full 0):
 garbage-first heap   total 133120K, used 85409K [0x0000000780000000, 0x0000000800000000)
  region size 1024K, 71 young (72704K), 1 survivors (1024K)
 Metaspace       used 10982K, committed 11200K, reserved 1114112K
  class space    used 1179K, committed 1280K, reserved 1048576K
}
Event: 213.661 GC heap after
{Heap after GC invocations=3 (full 0):
 garbage-first heap   total 133120K, used 25056K [0x0000000780000000, 0x0000000800000000)
  region size 1024K, 9 young (9216K), 9 survivors (9216K)
 Metaspace       used 10982K, committed 11200K, reserved 1114112K
  class space    used 1179K, committed 1280K, reserved 1048576K
}
Event: 676.661 GC heap before
{Heap before GC invocations=3 (full 0):
 garbage-first heap   total 133120K, used 90592K [0x0000000780000000, 0x0000000800000000)
  region size 1024K, 73 young (74752K), 9 survivors (9216K)
 Metaspace       used 10990K, committed 11264K, reserved 1114112K
  class space    used 1179K, committed 1280K, reserved 1048576K
}
Event: 676.679 GC heap after
{Heap after GC invocations=4 (full 0):
 garbage-first heap   total 133120K, used 25894K [0x0000000780000000, 0x0000000800000000)
  region size 1024K, 1 young (1024K), 1 survivors (1024K)
 Metaspace       used 10990K, committed 11264K, reserved 1114112K
  class space    used 1179K, committed 1280K, reserved 1048576K
}

